<?xml version="1.0" encoding="UTF-8"?>
<testng-results ignored="0" total="1" passed="1" failed="0" skipped="0">
  <reporter-output>
  </reporter-output>
  <suite started-at="2021-04-24T22:23:21 EDT" name="Default suite" finished-at="2021-04-24T22:23:37 EDT" duration-ms="15699">
    <groups>
    </groups>
    <test started-at="2021-04-24T22:23:21 EDT" name="Default test" finished-at="2021-04-24T22:23:37 EDT" duration-ms="15699">
      <class name="Yahooscript.yahooreg">
        <test-method is-config="true" signature="beforeTest()[pri:0, instance:Yahooscript.yahooreg@769e7ee8]" started-at="2021-04-24T22:23:21 EDT" name="beforeTest" finished-at="2021-04-24T22:23:21 EDT" duration-ms="14" status="PASS">
          <reporter-output>
          </reporter-output>
        </test-method> <!-- beforeTest -->
        <test-method is-config="true" signature="launchBrowser()[pri:0, instance:Yahooscript.yahooreg@769e7ee8]" started-at="2021-04-24T22:23:21 EDT" name="launchBrowser" finished-at="2021-04-24T22:23:30 EDT" duration-ms="8312" status="PASS">
          <reporter-output>
          </reporter-output>
        </test-method> <!-- launchBrowser -->
        <test-method signature="yahooregscript()[pri:0, instance:Yahooscript.yahooreg@769e7ee8]" started-at="2021-04-24T22:23:30 EDT" name="yahooregscript" finished-at="2021-04-24T22:23:32 EDT" duration-ms="2044" status="PASS">
          <reporter-output>
          </reporter-output>
        </test-method> <!-- yahooregscript -->
        <test-method is-config="true" signature="terminatebrowser()[pri:0, instance:Yahooscript.yahooreg@769e7ee8]" started-at="2021-04-24T22:23:32 EDT" name="terminatebrowser" finished-at="2021-04-24T22:23:37 EDT" duration-ms="5278" status="PASS">
          <reporter-output>
          </reporter-output>
        </test-method> <!-- terminatebrowser -->
        <test-method is-config="true" signature="afterTest()[pri:0, instance:Yahooscript.yahooreg@769e7ee8]" started-at="2021-04-24T22:23:37 EDT" name="afterTest" finished-at="2021-04-24T22:23:37 EDT" duration-ms="0" status="PASS">
          <reporter-output>
          </reporter-output>
        </test-method> <!-- afterTest -->
      </class> <!-- Yahooscript.yahooreg -->
    </test> <!-- Default test -->
  </suite> <!-- Default suite -->
</testng-results>
